<?xml version="1.0" encoding="UTF-8"?>
<testsuite xmlns:xsi="http://www.w3.org/2001/XMLSchema-instance" xsi:noNamespaceSchemaLocation="https://maven.apache.org/surefire/maven-surefire-plugin/xsd/surefire-test-report.xsd" version="3.0.2" name="org.zkaleejoo.managers.StaffActionBarPolicyTest" time="0.009" tests="4" errors="0" skipped="0" failures="0">
  <properties>
[...]
</properties>
  <testcase name="staffModeHasPriorityOverVanish" classname="org.zkaleejoo.managers.StaffActionBarPolicyTest" time="0.003"/>
  <testcase name="staffModeRemainsVisibleWhenVanishIsDisabled" classname="org.zkaleejoo.managers.StaffActionBarPolicyTest" time="0.001"/>
  <testcase name="standaloneVanishUsesVanishActionBar" classname="org.zkaleejoo.managers.StaffActionBarPolicyTest" time="0.0"/>
  <testcase name="inactiveStatesUseNoActionBar" classname="org.zkaleejoo.managers.StaffActionBarPolicyTest" time="0.0"/>
</testsuite>